[18-01-21 11:00:05 736]第一次登陆成功

[18-01-21 11:00:05 736]第一阶段下载试卷

[18-01-21 11:00:05 769]进入登录确认界面

[18-01-21 11:00:06 146]考试协议下载完成标志为false，或考试协议文件不存在！重新下载考试协议！

[18-01-21 11:00:06 156]准备下载基础数据包文件：18011001_1\ExamConfer.bdp

[18-01-21 11:00:06 156]下载基础数据压缩文件后解压成功！

[18-01-21 11:00:06 156]下载考试协议成功！考试协议标志置为true

[18-01-21 11:00:06 166]收到下载线程消息置Dm.PromptFlag := true

[18-01-21 11:00:06 166]下载基础数据成功！基础数据标志置为true

[18-01-21 11:00:06 166]下载断开FTP连接:ExamConfer.bdp

[18-01-21 11:00:06 166]下载协议成功!

[18-01-21 11:00:14 512]发送登录命令！

[18-01-21 11:00:14 573]接收到监考端返回的登录结果！

[18-01-21 11:00:14 573]登陆确认成功

[18-01-21 11:00:14 673]进入音频测试界面

[18-01-21 11:00:14 673][考试耳机]耳机事件:GPIO Event:8!

[18-01-21 11:00:34 178]录音设备序号:0

[18-01-21 11:00:52 510]测试录音数据:最大值:3577 ;最小值:26 ;方差:967 ;平均值:491 ;桢数:71

[18-01-21 11:01:04 015]上传TestRecord.mp3文件！

[18-01-21 11:01:04 046]进入考试协议界面

[18-01-21 11:01:04 046]加载考试协议文件成功，准备加载！

[18-01-21 11:01:04 046]开始加载考试协议文件

[18-01-21 11:01:23 780]进入等待开始考试界面

[18-01-21 11:01:23 780][考试耳机]耳机事件:GPIO Event:4!

[18-01-21 11:03:25 788]接收到考试开始命令

[18-01-21 11:03:25 788]发出开始考试过程 (ActiveFrame as TFrameWaitingExam).StartExam()

[18-01-21 11:03:25 897]接收到考试开始命令

[18-01-21 11:03:35 944]TFrameDisplay.Create(nil)显示考试界面

[18-01-21 11:03:36 318]执行DM.ShowFrameDisplay, 显示考试界面

[18-01-21 11:03:36 349]进入作答界面！

[18-01-21 11:03:36 365][考试耳机]耳机事件:GPIO Event:0!

[18-01-21 11:03:36 552]试卷载入成功

[18-01-21 11:03:36 552]从第0页开始播放:EPV.StartDisplay前

[18-01-21 11:03:36 568]加入链表文件：Answer.xml

[18-01-21 11:03:36 568]加入链表文件：TestRecord.mp3

[18-01-21 11:03:36 568]从第0页开始播放:EPV.StartDisplay后

[18-01-21 11:03:36 568]进入1024:768分辨率播放模式

[18-01-21 11:03:36 677]第1次上传答案: TestRecord.mp3

[18-01-21 11:03:37 005]第1次上传完成， 答案文件名: TestRecord.mp3

[18-01-21 11:03:37 005]第1次上传答案: Answer.xml

[18-01-21 11:03:37 067]第1次上传完成， 答案文件名: Answer.xml

[18-01-21 11:03:37 348]接收答案校验结果 文件名：TestRecord.mp3 校验结果： 1  第：0 页：0项

[18-01-21 11:03:38 315]接收答案校验结果 文件名：Answer.xml 校验结果： 1  第：0 页：0项

[18-01-21 11:04:40 837]加入链表文件：Answer-1.xml

[18-01-21 11:04:40 955]第1次上传答案: Answer.xml

[18-01-21 11:04:40 958]第1次上传完成， 答案文件名: Answer.xml

[18-01-21 11:04:41 275]接收答案校验结果 文件名：Answer.xml 校验结果： 1  第：0 页：0项

[18-01-21 11:05:07 737]加入链表文件：Answer-2.xml

[18-01-21 11:05:07 861]第1次上传答案: Answer.xml

[18-01-21 11:05:07 865]第1次上传完成， 答案文件名: Answer.xml

[18-01-21 11:05:07 991]接收答案校验结果 文件名：Answer.xml 校验结果： 1  第：0 页：0项

[18-01-21 11:05:31 531]加入链表文件：Answer-3.xml

[18-01-21 11:05:31 661]第1次上传答案: Answer.xml

[18-01-21 11:05:31 665]第1次上传完成， 答案文件名: Answer.xml

[18-01-21 11:05:31 934]接收答案校验结果 文件名：Answer.xml 校验结果： 1  第：0 页：0项

[18-01-21 11:05:59 577]加入链表文件：Answer-4.xml

[18-01-21 11:05:59 577]第1次上传答案: Answer.xml

[18-01-21 11:05:59 577]第1次上传完成， 答案文件名: Answer.xml

[18-01-21 11:05:59 699]接收答案校验结果 文件名：Answer.xml 校验结果： 1  第：0 页：0项

[18-01-21 11:06:23 936]加入链表文件：Answer-5.xml

[18-01-21 11:06:23 952]第1次上传答案: Answer.xml

[18-01-21 11:06:23 952]第1次上传完成， 答案文件名: Answer.xml

[18-01-21 11:06:24 082]接收答案校验结果 文件名：Answer.xml 校验结果： 1  第：0 页：0项

[18-01-21 11:08:42 269]加入链表文件：Answer-6.xml

[18-01-21 11:08:42 392]第1次上传答案: Answer.xml

[18-01-21 11:08:42 396]第1次上传完成， 答案文件名: Answer.xml

[18-01-21 11:08:42 483]接收答案校验结果 文件名：Answer.xml 校验结果： 1  第：0 页：0项

[18-01-21 11:11:03 917]加入链表文件：Answer-7.xml

[18-01-21 11:11:03 917]第1次上传答案: Answer.xml

[18-01-21 11:11:04 031]第1次上传完成， 答案文件名: Answer.xml

[18-01-21 11:11:04 045]接收答案校验结果 文件名：Answer.xml 校验结果： 1  第：0 页：0项

[18-01-21 11:14:44 140]加入链表文件：Answer-8.xml

[18-01-21 11:14:44 310]第1次上传答案: Answer.xml

[18-01-21 11:14:44 314]第1次上传完成， 答案文件名: Answer.xml

[18-01-21 11:14:44 552]接收答案校验结果 文件名：Answer.xml 校验结果： 1  第：0 页：0项

[18-01-21 11:16:14 336][考试耳机]耳机事件:GPIO Event:1!

[18-01-21 11:16:14 424]电平值:42

[18-01-21 11:16:14 924]电平值:41

[18-01-21 11:17:03 494]电平值:46

[18-01-21 11:17:03 564]电平值:46

[18-01-21 11:17:03 644]电平值:49

[18-01-21 11:17:03 714]电平值:49

[18-01-21 11:17:04 214]电平值:47

[18-01-21 11:17:04 434]电平值:47

[18-01-21 11:17:04 504]电平值:48

[18-01-21 11:17:04 574]电平值:38

[18-01-21 11:17:04 724]电平值:48

[18-01-21 11:17:04 864]电平值:43

[18-01-21 11:17:05 514]电平值:46

[18-01-21 11:17:05 654]电平值:48

[18-01-21 11:17:05 724]电平值:47

[18-01-21 11:17:05 804]电平值:42

[18-01-21 11:17:05 874]电平值:40

[18-01-21 11:17:06 014]电平值:39

[18-01-21 11:17:06 084]电平值:45

[18-01-21 11:17:06 164]电平值:45

[18-01-21 11:17:06 234]电平值:42

[18-01-21 11:17:06 374]电平值:45

[18-01-21 11:17:07 094]电平值:41

[18-01-21 11:17:07 164]电平值:43

[18-01-21 11:17:07 244]电平值:35

[18-01-21 11:17:07 314]电平值:37

[18-01-21 11:17:07 384]电平值:44

[18-01-21 11:17:07 454]电平值:40

[18-01-21 11:17:07 524]电平值:49

[18-01-21 11:17:07 604]电平值:39

[18-01-21 11:17:07 674]电平值:39

[18-01-21 11:17:07 744]电平值:38

[18-01-21 11:17:07 814]电平值:47

[18-01-21 11:17:07 884]电平值:49

[18-01-21 11:17:07 964]电平值:36

[18-01-21 11:17:08 034]电平值:46

[18-01-21 11:17:08 104]电平值:46

[18-01-21 11:17:08 534]电平值:46

[18-01-21 11:17:08 604]电平值:48

[18-01-21 11:17:08 824]电平值:35

[18-01-21 11:17:09 114]电平值:39

[18-01-21 11:17:09 254]电平值:48

[18-01-21 11:17:09 404]电平值:41

[18-01-21 11:17:09 474]电平值:38

[18-01-21 11:17:09 544]电平值:39

[18-01-21 11:17:09 614]电平值:37

[18-01-21 11:17:09 764]电平值:36

[18-01-21 11:17:09 834]电平值:49

[18-01-21 11:17:10 124]电平值:39

[18-01-21 11:17:10 264]电平值:36

[18-01-21 11:17:10 404]电平值:46

[18-01-21 11:17:10 484]电平值:39

[18-01-21 11:17:10 554]电平值:36

[18-01-21 11:17:10 624]电平值:37

[18-01-21 11:17:10 694]电平值:29

[18-01-21 11:17:10 764]电平值:44

[18-01-21 11:17:10 844]电平值:46

[18-01-21 11:17:10 914]电平值:49

[18-01-21 11:17:11 054]电平值:44

[18-01-21 11:17:11 124]电平值:46

[18-01-21 11:17:11 274]电平值:36

[18-01-21 11:17:11 344]电平值:35

[18-01-21 11:17:11 414]电平值:44

[18-01-21 11:17:11 484]电平值:39

[18-01-21 11:17:11 634]电平值:39

[18-01-21 11:17:11 704]电平值:36

[18-01-21 11:17:11 774]电平值:39

[18-01-21 11:17:11 844]电平值:39

[18-01-21 11:17:11 924]电平值:39

[18-01-21 11:17:11 994]电平值:38

[18-01-21 11:17:12 064]电平值:37

[18-01-21 11:17:12 134]电平值:44

[18-01-21 11:17:12 204]电平值:43

[18-01-21 11:17:12 354]电平值:33

[18-01-21 11:17:12 424]电平值:45

[18-01-21 11:17:12 494]电平值:36

[18-01-21 11:17:12 564]电平值:39

[18-01-21 11:17:12 644]电平值:38

[18-01-21 11:17:12 714]电平值:41

[18-01-21 11:17:12 784]电平值:35

[18-01-21 11:17:12 854]电平值:44

[18-01-21 11:17:12 924]电平值:48

[18-01-21 11:17:13 004]电平值:47

[18-01-21 11:17:13 074]电平值:42

[18-01-21 11:17:13 144]电平值:39

[18-01-21 11:17:13 214]电平值:36

[18-01-21 11:17:13 284]电平值:31

[18-01-21 11:17:13 364]电平值:37

[18-01-21 11:17:13 434]电平值:35

[18-01-21 11:17:13 504]电平值:35

[18-01-21 11:17:13 574]电平值:48

[18-01-21 11:17:13 644]电平值:34

[18-01-21 11:17:13 724]电平值:30

[18-01-21 11:17:13 794]电平值:45

[18-01-21 11:17:13 864]电平值:32

[18-01-21 11:17:13 934]电平值:39

[18-01-21 11:17:14 004]电平值:43

[18-01-21 11:17:14 084]电平值:36

[18-01-21 11:17:14 154]电平值:38

[18-01-21 11:17:14 224]电平值:39

[18-01-21 11:17:14 294]电平值:43

[18-01-21 11:17:14 364]电平值:32

[18-01-21 11:17:14 444]电平值:36

[18-01-21 11:17:14 514]电平值:41

[18-01-21 11:17:14 584]电平值:41

[18-01-21 11:17:14 654]电平值:46

[18-01-21 11:17:14 724]电平值:44

[18-01-21 11:17:14 874]电平值:40

[18-01-21 11:17:15 374]电平值:45

[18-01-21 11:17:15 444]电平值:45

[18-01-21 11:17:15 654]电平值:47

[18-01-21 11:17:15 724]电平值:48

[18-01-21 11:17:15 794]电平值:40

[18-01-21 11:17:15 874]电平值:32

[18-01-21 11:17:15 944]电平值:45

[18-01-21 11:17:16 014]电平值:46

[18-01-21 11:17:16 084]电平值:27

[18-01-21 11:17:16 154]电平值:35

[18-01-21 11:17:16 234]电平值:42

[18-01-21 11:17:16 304]电平值:29

[18-01-21 11:17:16 374]电平值:32

[18-01-21 11:17:16 444]电平值:30

[18-01-21 11:17:16 514]电平值:36

[18-01-21 11:17:16 664]电平值:35

[18-01-21 11:17:16 804]电平值:43

[18-01-21 11:17:16 874]电平值:33

[18-01-21 11:17:16 954]电平值:37

[18-01-21 11:17:17 024]电平值:31

[18-01-21 11:17:17 094]电平值:35

[18-01-21 11:17:17 164]电平值:46

[18-01-21 11:17:17 234]电平值:48

[18-01-21 11:17:17 314]电平值:39

[18-01-21 11:17:17 384]电平值:38

[18-01-21 11:17:17 454]电平值:37

[18-01-21 11:17:17 524]电平值:46

[18-01-21 11:17:17 594]电平值:31

[18-01-21 11:17:17 674]电平值:40

[18-01-21 11:17:17 744]电平值:38

[18-01-21 11:17:17 814]电平值:29

[18-01-21 11:17:17 884]电平值:33

[18-01-21 11:17:17 954]电平值:35

[18-01-21 11:17:18 034]电平值:35

[18-01-21 11:17:18 104]电平值:41

[18-01-21 11:17:18 174]电平值:37

[18-01-21 11:17:18 244]电平值:30

[18-01-21 11:17:18 314]电平值:36

[18-01-21 11:17:18 394]电平值:37

[18-01-21 11:17:18 464]电平值:37

[18-01-21 11:17:18 534]电平值:38

[18-01-21 11:17:18 604]电平值:49

[18-01-21 11:17:18 674]电平值:27

[18-01-21 11:17:18 754]电平值:46

[18-01-21 11:17:18 894]电平值:39

[18-01-21 11:17:18 964]电平值:40

[18-01-21 11:17:19 034]电平值:41

[18-01-21 11:17:19 184]电平值:35

[18-01-21 11:17:19 254]电平值:40

[18-01-21 11:17:19 324]电平值:36

[18-01-21 11:17:19 394]电平值:46

[18-01-21 11:17:19 474]电平值:44

[18-01-21 11:17:19 544]电平值:42

[18-01-21 11:17:19 614]电平值:28

[18-01-21 11:17:19 684]电平值:43

[18-01-21 11:17:19 754]电平值:49

[18-01-21 11:17:19 834]电平值:46

[18-01-21 11:17:19 904]电平值:43

[18-01-21 11:17:20 044]电平值:33

[18-01-21 11:17:20 114]电平值:32

[18-01-21 11:17:20 194]电平值:43

[18-01-21 11:17:20 334]电平值:39

[18-01-21 11:17:20 404]电平值:33

[18-01-21 11:17:20 474]电平值:45

[18-01-21 11:17:20 554]电平值:31

[18-01-21 11:17:20 624]电平值:36

[18-01-21 11:17:20 694]电平值:43

[18-01-21 11:17:20 764]电平值:38

[18-01-21 11:17:20 834]电平值:41

[18-01-21 11:17:20 914]电平值:32

[18-01-21 11:17:20 984]电平值:33

[18-01-21 11:17:21 054]电平值:39

[18-01-21 11:17:21 124]电平值:36

[18-01-21 11:17:21 194]电平值:28

[18-01-21 11:17:21 274]电平值:30

[18-01-21 11:17:21 344]电平值:30

[18-01-21 11:17:21 414]电平值:40

[18-01-21 11:17:21 484]电平值:37

[18-01-21 11:17:21 634]电平值:44

[18-01-21 11:17:21 704]电平值:42

[18-01-21 11:17:21 774]电平值:34

[18-01-21 11:17:21 914]电平值:44

[18-01-21 11:17:21 994]电平值:45

[18-01-21 11:17:22 064]电平值:43

[18-01-21 11:17:22 204]电平值:29

[18-01-21 11:17:27 464]电平值:47

[18-01-21 11:17:30 634]电平值:43

[18-01-21 11:17:31 354]电平值:45

[18-01-21 11:17:32 714]电平值:48

[18-01-21 11:17:34 374]电平值:48

[18-01-21 11:17:34 664]电平值:48

[18-01-21 11:17:34 874]电平值:44

[18-01-21 11:17:36 594]电平值:47

[18-01-21 11:17:36 884]电平值:41

[18-01-21 11:17:41 204]电平值:46

[18-01-21 11:17:43 434]电平值:45

[18-01-21 11:17:44 785]加入链表文件：Answer-9.xml

[18-01-21 11:17:44 785]第1道录音题

[18-01-21 11:17:44 785]加入链表文件：QT-562662ans.mp3

[18-01-21 11:17:44 800]加入链表文件：Display.log

[18-01-21 11:17:44 800]第1次上传答案: Display.log

[18-01-21 11:17:44 800]第1次上传完成， 答案文件名: Display.log

[18-01-21 11:17:44 800]第1次上传答案: QT-562662ans.mp3

[18-01-21 11:17:44 910][考试耳机]耳机事件:GPIO Event:0!

[18-01-21 11:17:44 910]第1次上传完成， 答案文件名: QT-562662ans.mp3

[18-01-21 11:17:44 920]第1次上传答案: Answer.xml

[18-01-21 11:17:44 925]第1次上传完成， 答案文件名: Answer.xml

[18-01-21 11:17:45 007]接收答案校验结果 文件名：Display.log 校验结果： 1  第：15 页：3项

[18-01-21 11:17:45 019]接收答案校验结果 文件名：QT-562662ans.mp3 校验结果： 1  第：15 页：3项

[18-01-21 11:17:45 020]接收答案校验结果 文件名：Answer.xml 校验结果： 1  第：0 页：0项

[18-01-21 11:18:49 950][考试耳机]耳机事件:GPIO Event:1!

[18-01-21 11:18:50 054]电平值:38

[18-01-21 11:18:50 124]电平值:45

[18-01-21 11:18:50 344]电平值:30

[18-01-21 11:18:50 484]电平值:48

[18-01-21 11:18:54 144]电平值:41

[18-01-21 11:18:54 214]电平值:49

[18-01-21 11:18:56 234]电平值:42

[18-01-21 11:18:56 304]电平值:47

[18-01-21 11:18:56 374]电平值:32

[18-01-21 11:18:56 454]电平值:46

[18-01-21 11:18:56 524]电平值:47

[18-01-21 11:18:56 594]电平值:36

[18-01-21 11:18:56 664]电平值:43

[18-01-21 11:18:56 814]电平值:36

[18-01-21 11:18:56 884]电平值:48

[18-01-21 11:18:57 024]电平值:34

[18-01-21 11:18:57 174]电平值:41

[18-01-21 11:18:57 244]电平值:45

[18-01-21 11:18:57 534]电平值:46

[18-01-21 11:18:57 744]电平值:45

[18-01-21 11:18:57 814]电平值:32

[18-01-21 11:18:57 894]电平值:38

[18-01-21 11:18:58 104]电平值:46

[18-01-21 11:18:58 254]电平值:47

[18-01-21 11:18:58 324]电平值:37

[18-01-21 11:18:58 464]电平值:46

[18-01-21 11:18:58 534]电平值:49

[18-01-21 11:18:58 684]电平值:31

[18-01-21 11:18:58 754]电平值:37

[18-01-21 11:18:58 824]电平值:45

[18-01-21 11:18:58 894]电平值:40

[18-01-21 11:18:58 974]电平值:48

[18-01-21 11:18:59 044]电平值:39

[18-01-21 11:18:59 184]电平值:38

[18-01-21 11:19:00 414]电平值:44

[18-01-21 11:19:00 484]电平值:38

[18-01-21 11:19:00 624]电平值:35

[18-01-21 11:19:00 774]电平值:49

[18-01-21 11:19:00 844]电平值:30

[18-01-21 11:19:01 494]电平值:49

[18-01-21 11:19:01 564]电平值:44

[18-01-21 11:19:01 634]电平值:40

[18-01-21 11:19:01 704]电平值:40

[18-01-21 11:19:01 774]电平值:45

[18-01-21 11:19:02 284]电平值:47

[18-01-21 11:19:02 424]电平值:29

[18-01-21 11:19:02 494]电平值:37

[18-01-21 11:19:02 574]电平值:42

[18-01-21 11:19:02 644]电平值:32

[18-01-21 11:19:02 714]电平值:47

[18-01-21 11:19:02 784]电平值:34

[18-01-21 11:19:02 854]电平值:39

[18-01-21 11:19:02 934]电平值:38

[18-01-21 11:19:03 074]电平值:41

[18-01-21 11:19:04 084]电平值:45

[18-01-21 11:19:04 154]电平值:36

[18-01-21 11:19:04 224]电平值:34

[18-01-21 11:19:04 294]电平值:39

[18-01-21 11:19:04 444]电平值:42

[18-01-21 11:19:04 584]电平值:31

[18-01-21 11:19:04 654]电平值:46

[18-01-21 11:19:04 734]电平值:44

[18-01-21 11:19:04 874]电平值:35

[18-01-21 11:19:04 944]电平值:36

[18-01-21 11:19:05 014]电平值:32

[18-01-21 11:19:05 265]加入链表文件：Answer-10.xml

[18-01-21 11:19:05 265]第2道录音题

[18-01-21 11:19:05 265]加入链表文件：QT-960341ans.mp3

[18-01-21 11:19:05 265]加入链表文件：Display.log

[18-01-21 11:19:05 265]第1次上传答案: Display.log

[18-01-21 11:19:05 379][考试耳机]耳机事件:GPIO Event:0!

[18-01-21 11:19:05 379]第1次上传完成， 答案文件名: Display.log

[18-01-21 11:19:05 380]第1次上传答案: QT-960341ans.mp3

[18-01-21 11:19:05 382]校验未通过，重新上传文件：Display.log

[18-01-21 11:19:05 382]加入链表文件：Display.log

[18-01-21 11:19:05 386]第1次上传完成， 答案文件名: QT-960341ans.mp3

[18-01-21 11:19:05 388]第1次上传答案: Answer.xml

[18-01-21 11:19:05 391]第1次上传完成， 答案文件名: Answer.xml

[18-01-21 11:19:05 391]第1次上传答案: Display.log

[18-01-21 11:19:05 394]第1次上传完成， 答案文件名: Display.log

[18-01-21 11:19:05 442]接收答案校验结果 文件名：QT-960341ans.mp3 校验结果： 1  第：17 页：6项

[18-01-21 11:19:05 479]接收答案校验结果 文件名：Answer.xml 校验结果： 1  第：0 页：0项

[18-01-21 11:19:05 518]接收答案校验结果 文件名：Display.log 校验结果： 1  第：17 页：6项

[18-01-21 11:19:24 523][考试耳机]耳机事件:GPIO Event:1!

[18-01-21 11:19:24 977]电平值:40

[18-01-21 11:19:25 047]电平值:46

[18-01-21 11:19:25 117]电平值:35

[18-01-21 11:19:25 187]电平值:31

[18-01-21 11:19:25 267]电平值:26

[18-01-21 11:19:29 217]电平值:46

[18-01-21 11:19:29 857]电平值:48

[18-01-21 11:19:29 937]电平值:47

[18-01-21 11:19:30 007]电平值:41

[18-01-21 11:19:30 077]电平值:45

[18-01-21 11:19:31 447]电平值:44

[18-01-21 11:19:31 587]电平值:43

[18-01-21 11:19:31 657]电平值:46

[18-01-21 11:19:31 737]电平值:40

[18-01-21 11:19:31 807]电平值:35

[18-01-21 11:19:31 877]电平值:40

[18-01-21 11:19:31 947]电平值:42

[18-01-21 11:19:32 017]电平值:31

[18-01-21 11:19:32 097]电平值:45

[18-01-21 11:19:32 237]电平值:45

[18-01-21 11:19:32 377]电平值:41

[18-01-21 11:19:32 457]电平值:43

[18-01-21 11:19:32 527]电平值:37

[18-01-21 11:19:32 667]电平值:44

[18-01-21 11:19:32 737]电平值:40

[18-01-21 11:19:32 957]电平值:36

[18-01-21 11:19:33 097]电平值:41

[18-01-21 11:19:33 177]电平值:39

[18-01-21 11:19:33 387]电平值:35

[18-01-21 11:19:33 457]电平值:47

[18-01-21 11:19:33 537]电平值:39

[18-01-21 11:19:33 607]电平值:33

[18-01-21 11:19:33 677]电平值:46

[18-01-21 11:19:33 747]电平值:42

[18-01-21 11:19:33 817]电平值:37

[18-01-21 11:19:33 897]电平值:33

[18-01-21 11:19:33 967]电平值:44

[18-01-21 11:19:34 037]电平值:34

[18-01-21 11:19:34 107]电平值:35

[18-01-21 11:19:34 177]电平值:36

[18-01-21 11:19:34 257]电平值:43

[18-01-21 11:19:34 397]电平值:47

[18-01-21 11:19:34 537]电平值:34

[18-01-21 11:19:34 617]电平值:35

[18-01-21 11:19:34 687]电平值:43

[18-01-21 11:19:34 757]电平值:29

[18-01-21 11:19:34 977]电平值:41

[18-01-21 11:19:35 047]电平值:39

[18-01-21 11:19:35 117]电平值:40

[18-01-21 11:19:35 257]电平值:46

[18-01-21 11:19:35 337]电平值:44

[18-01-21 11:19:35 407]电平值:30

[18-01-21 11:19:35 477]电平值:35

[18-01-21 11:19:35 547]电平值:36

[18-01-21 11:19:35 617]电平值:36

[18-01-21 11:19:35 697]电平值:46

[18-01-21 11:19:37 207]电平值:43

[18-01-21 11:19:37 277]电平值:33

[18-01-21 11:19:37 347]电平值:37

[18-01-21 11:19:37 417]电平值:32

[18-01-21 11:19:37 497]电平值:45

[18-01-21 11:19:37 567]电平值:42

[18-01-21 11:19:37 637]电平值:34

[18-01-21 11:19:37 707]电平值:33

[18-01-21 11:19:37 777]电平值:38

[18-01-21 11:19:37 857]电平值:40

[18-01-21 11:19:37 927]电平值:27

[18-01-21 11:19:37 997]电平值:49

[18-01-21 11:19:38 067]电平值:34

[18-01-21 11:19:38 217]电平值:38

[18-01-21 11:19:38 287]电平值:43

[18-01-21 11:19:38 357]电平值:38

[18-01-21 11:19:38 497]电平值:41

[18-01-21 11:19:38 647]电平值:33

[18-01-21 11:19:38 787]电平值:31

[18-01-21 11:19:39 217]电平值:43

[18-01-21 11:19:39 437]电平值:40

[18-01-21 11:19:39 838]加入链表文件：Answer-11.xml

[18-01-21 11:19:39 838]第3道录音题

[18-01-21 11:19:39 838]加入链表文件：QT-354093ans.mp3

[18-01-21 11:19:39 853]加入链表文件：Display.log

[18-01-21 11:19:39 853]第1次上传答案: Display.log

[18-01-21 11:19:39 853]第1次上传完成， 答案文件名: Display.log

[18-01-21 11:19:39 853]第1次上传答案: QT-354093ans.mp3

[18-01-21 11:19:39 853]接收答案校验结果 文件名：Display.log 校验结果： 1  第：17 页：6项

[18-01-21 11:19:39 853]第1次上传完成， 答案文件名: QT-354093ans.mp3

[18-01-21 11:19:39 978]第1次上传答案: Answer.xml

[18-01-21 11:19:39 978][考试耳机]耳机事件:GPIO Event:0!

[18-01-21 11:19:39 982]第1次上传完成， 答案文件名: Answer.xml

[18-01-21 11:19:40 071]接收答案校验结果 文件名：QT-354093ans.mp3 校验结果： 1  第：17 页：6项

[18-01-21 11:19:40 072]接收答案校验结果 文件名：Answer.xml 校验结果： 1  第：0 页：0项

[18-01-21 11:22:12 858][考试耳机]耳机事件:GPIO Event:1!

[18-01-21 11:22:13 015]电平值:30

[18-01-21 11:22:13 085]电平值:28

[18-01-21 11:22:13 155]电平值:48

[18-01-21 11:22:13 665]电平值:43

[18-01-21 11:22:25 025]电平值:43

[18-01-21 11:22:25 175]电平值:43

[18-01-21 11:22:41 215]电平值:49

[18-01-21 11:22:41 295]电平值:43

[18-01-21 11:22:41 365]电平值:37

[18-01-21 11:22:41 435]电平值:43

[18-01-21 11:22:41 505]电平值:37

[18-01-21 11:22:41 575]电平值:38

[18-01-21 11:22:41 935]电平值:48

[18-01-21 11:22:42 225]电平值:44

[18-01-21 11:22:42 375]电平值:45

[18-01-21 11:22:42 515]电平值:49

[18-01-21 11:22:42 735]电平值:43

[18-01-21 11:22:42 805]电平值:47

[18-01-21 11:22:43 165]电平值:45

[18-01-21 11:22:43 235]电平值:36

[18-01-21 11:22:43 885]电平值:43

[18-01-21 11:22:43 955]电平值:47

[18-01-21 11:22:44 385]电平值:43

[18-01-21 11:22:44 745]电平值:45

[18-01-21 11:22:45 175]电平值:39

[18-01-21 11:22:45 255]电平值:43

[18-01-21 11:22:45 395]电平值:41

[18-01-21 11:22:45 465]电平值:41

[18-01-21 11:22:45 535]电平值:46

[18-01-21 11:22:45 685]电平值:47

[18-01-21 11:22:45 755]电平值:44

[18-01-21 11:22:45 895]电平值:38

[18-01-21 11:22:46 045]电平值:47

[18-01-21 11:22:46 185]电平值:42

[18-01-21 11:22:46 255]电平值:33

[18-01-21 11:22:46 335]电平值:38

[18-01-21 11:22:46 545]电平值:44

[18-01-21 11:22:46 615]电平值:48

[18-01-21 11:22:46 765]电平值:39

[18-01-21 11:22:46 835]电平值:39

[18-01-21 11:22:46 905]电平值:43

[18-01-21 11:22:46 975]电平值:39

[18-01-21 11:22:47 055]电平值:38

[18-01-21 11:22:47 125]电平值:42

[18-01-21 11:22:47 195]电平值:43

[18-01-21 11:22:47 265]电平值:42

[18-01-21 11:22:47 335]电平值:39

[18-01-21 11:22:47 415]电平值:36

[18-01-21 11:22:47 485]电平值:37

[18-01-21 11:22:47 555]电平值:46

[18-01-21 11:22:47 625]电平值:32

[18-01-21 11:22:47 695]电平值:44

[18-01-21 11:22:47 915]电平值:48

[18-01-21 11:22:47 985]电平值:34

[18-01-21 11:22:48 055]电平值:34

[18-01-21 11:22:48 135]电平值:34

[18-01-21 11:22:48 205]电平值:34

[18-01-21 11:22:48 275]电平值:46

[18-01-21 11:22:48 345]电平值:48

[18-01-21 11:22:48 415]电平值:34

[18-01-21 11:22:48 495]电平值:32

[18-01-21 11:22:48 565]电平值:43

[18-01-21 11:22:48 705]电平值:45

[18-01-21 11:22:48 775]电平值:40

[18-01-21 11:22:48 855]电平值:44

[18-01-21 11:22:48 925]电平值:30

[18-01-21 11:22:48 995]电平值:37

[18-01-21 11:22:49 135]电平值:31

[18-01-21 11:22:49 215]电平值:38

[18-01-21 11:22:49 285]电平值:42

[18-01-21 11:22:49 355]电平值:43

[18-01-21 11:22:49 495]电平值:40

[18-01-21 11:22:49 575]电平值:36

[18-01-21 11:22:49 645]电平值:45

[18-01-21 11:22:49 715]电平值:28

[18-01-21 11:22:49 785]电平值:47

[18-01-21 11:22:49 855]电平值:42

[18-01-21 11:22:49 935]电平值:39

[18-01-21 11:22:50 005]电平值:38

[18-01-21 11:22:50 075]电平值:44

[18-01-21 11:22:50 145]电平值:37

[18-01-21 11:22:50 215]电平值:46

[18-01-21 11:22:50 295]电平值:44

[18-01-21 11:22:50 365]电平值:39

[18-01-21 11:22:50 435]电平值:37

[18-01-21 11:22:50 505]电平值:42

[18-01-21 11:22:50 575]电平值:49

[18-01-21 11:22:50 655]电平值:43

[18-01-21 11:22:50 725]电平值:46

[18-01-21 11:22:50 795]电平值:48

[18-01-21 11:22:50 865]电平值:49

[18-01-21 11:22:50 935]电平值:40

[18-01-21 11:22:51 015]电平值:42

[18-01-21 11:22:51 085]电平值:48

[18-01-21 11:22:51 155]电平值:44

[18-01-21 11:22:51 225]电平值:42

[18-01-21 11:22:51 295]电平值:48

[18-01-21 11:22:51 375]电平值:42

[18-01-21 11:22:51 445]电平值:37

[18-01-21 11:22:51 515]电平值:45

[18-01-21 11:22:51 735]电平值:45

[18-01-21 11:22:51 805]电平值:45

[18-01-21 11:22:51 945]电平值:40

[18-01-21 11:22:52 015]电平值:38

[18-01-21 11:22:52 095]电平值:35

[18-01-21 11:22:52 165]电平值:35

[18-01-21 11:22:52 235]电平值:49

[18-01-21 11:22:52 525]电平值:40

[18-01-21 11:22:52 955]电平值:27

[18-01-21 11:22:53 025]电平值:47

[18-01-21 11:22:53 095]电平值:37

[18-01-21 11:22:53 175]电平值:37

[18-01-21 11:22:53 245]电平值:41

[18-01-21 11:22:53 315]电平值:45

[18-01-21 11:22:53 455]电平值:35

[18-01-21 11:22:53 535]电平值:44

[18-01-21 11:22:53 605]电平值:42

[18-01-21 11:22:53 815]电平值:39

[18-01-21 11:22:53 965]电平值:44

[18-01-21 11:22:54 035]电平值:48

[18-01-21 11:22:54 105]电平值:43

[18-01-21 11:22:54 175]电平值:37

[18-01-21 11:22:54 245]电平值:40

[18-01-21 11:22:54 385]电平值:41

[18-01-21 11:22:54 455]电平值:42

[18-01-21 11:22:54 525]电平值:39

[18-01-21 11:22:54 605]电平值:35

[18-01-21 11:22:54 675]电平值:45

[18-01-21 11:22:54 745]电平值:33

[18-01-21 11:22:54 815]电平值:34

[18-01-21 11:22:54 885]电平值:37

[18-01-21 11:22:54 965]电平值:40

[18-01-21 11:22:55 035]电平值:47

[18-01-21 11:22:55 175]电平值:47

[18-01-21 11:22:55 245]电平值:41

[18-01-21 11:22:55 465]电平值:33

[18-01-21 11:22:55 605]电平值:49

[18-01-21 11:22:55 825]电平值:40

[18-01-21 11:22:55 895]电平值:42

[18-01-21 11:22:56 045]电平值:43

[18-01-21 11:22:56 185]电平值:47

[18-01-21 11:22:56 835]电平值:47

[18-01-21 11:22:56 905]电平值:39

[18-01-21 11:22:57 335]电平值:46

[18-01-21 11:22:57 555]电平值:39

[18-01-21 11:22:57 625]电平值:35

[18-01-21 11:22:57 695]电平值:49

[18-01-21 11:22:57 765]电平值:49

[18-01-21 11:22:57 985]电平值:41

[18-01-21 11:22:58 055]电平值:48

[18-01-21 11:22:58 345]电平值:41

[18-01-21 11:22:58 415]电平值:41

[18-01-21 11:22:58 485]电平值:39

[18-01-21 11:22:58 565]电平值:42

[18-01-21 11:22:58 635]电平值:48

[18-01-21 11:22:58 705]电平值:40

[18-01-21 11:22:58 845]电平值:36

[18-01-21 11:22:58 925]电平值:35

[18-01-21 11:22:58 995]电平值:35

[18-01-21 11:22:59 065]电平值:47

[18-01-21 11:22:59 135]电平值:33

[18-01-21 11:22:59 205]电平值:37

[18-01-21 11:22:59 285]电平值:35

[18-01-21 11:22:59 355]电平值:45

[18-01-21 11:22:59 425]电平值:45

[18-01-21 11:22:59 495]电平值:31

[18-01-21 11:22:59 565]电平值:31

[18-01-21 11:22:59 645]电平值:40

[18-01-21 11:22:59 855]电平值:45

[18-01-21 11:22:59 925]电平值:33

[18-01-21 11:23:00 005]电平值:27

[18-01-21 11:23:00 145]电平值:38

[18-01-21 11:23:00 215]电平值:47

[18-01-21 11:23:00 285]电平值:43

[18-01-21 11:23:00 435]电平值:37

[18-01-21 11:23:00 505]电平值:44

[18-01-21 11:23:00 645]电平值:35

[18-01-21 11:23:00 725]电平值:32

[18-01-21 11:23:00 795]电平值:34

[18-01-21 11:23:00 865]电平值:40

[18-01-21 11:23:01 005]电平值:34

[18-01-21 11:23:01 085]电平值:45

[18-01-21 11:23:01 155]电平值:41

[18-01-21 11:23:01 295]电平值:42

[18-01-21 11:23:01 445]电平值:37

[18-01-21 11:23:01 515]电平值:35

[18-01-21 11:23:01 585]电平值:37

[18-01-21 11:23:01 655]电平值:39

[18-01-21 11:23:01 725]电平值:42

[18-01-21 11:23:01 875]电平值:34

[18-01-21 11:23:01 945]电平值:38

[18-01-21 11:23:02 015]电平值:41

[18-01-21 11:23:02 165]电平值:32

[18-01-21 11:23:02 235]电平值:34

[18-01-21 11:23:02 305]电平值:43

[18-01-21 11:23:02 375]电平值:48

[18-01-21 11:23:02 445]电平值:47

[18-01-21 11:23:02 525]电平值:41

[18-01-21 11:23:02 595]电平值:40

[18-01-21 11:23:02 665]电平值:35

[18-01-21 11:23:02 735]电平值:40

[18-01-21 11:23:02 805]电平值:40

[18-01-21 11:23:02 885]电平值:42

[18-01-21 11:23:03 025]电平值:37

[18-01-21 11:23:03 095]电平值:47

[18-01-21 11:23:03 165]电平值:34

[18-01-21 11:23:03 245]电平值:32

[18-01-21 11:23:03 315]电平值:31

[18-01-21 11:23:03 455]电平值:40

[18-01-21 11:23:03 525]电平值:36

[18-01-21 11:23:03 605]电平值:33

[18-01-21 11:23:03 675]电平值:42

[18-01-21 11:23:03 745]电平值:38

[18-01-21 11:23:03 815]电平值:29

[18-01-21 11:23:03 885]电平值:37

[18-01-21 11:23:03 965]电平值:31

[18-01-21 11:23:04 035]电平值:37

[18-01-21 11:23:04 105]电平值:44

[18-01-21 11:23:04 175]电平值:47

[18-01-21 11:23:04 245]电平值:38

[18-01-21 11:23:04 325]电平值:46

[18-01-21 11:23:04 395]电平值:33

[18-01-21 11:23:04 465]电平值:29

[18-01-21 11:23:04 535]电平值:46

[18-01-21 11:23:04 605]电平值:42

[18-01-21 11:23:04 685]电平值:39

[18-01-21 11:23:04 755]电平值:35

[18-01-21 11:23:04 825]电平值:33

[18-01-21 11:23:04 895]电平值:43

[18-01-21 11:23:04 965]电平值:41

[18-01-21 11:23:05 045]电平值:41

[18-01-21 11:23:05 255]电平值:41

[18-01-21 11:23:05 325]电平值:45

[18-01-21 11:23:05 405]电平值:45

[18-01-21 11:23:05 475]电平值:36

[18-01-21 11:23:05 615]电平值:48

[18-01-21 11:23:05 685]电平值:31

[18-01-21 11:23:05 765]电平值:37

[18-01-21 11:23:05 835]电平值:36

[18-01-21 11:23:05 905]电平值:30

[18-01-21 11:23:05 975]电平值:38

[18-01-21 11:23:06 045]电平值:31

[18-01-21 11:23:06 125]电平值:35

[18-01-21 11:23:06 265]电平值:46

[18-01-21 11:23:06 335]电平值:39

[18-01-21 11:23:06 405]电平值:36

[18-01-21 11:23:06 485]电平值:46

[18-01-21 11:23:06 765]电平值:41

[18-01-21 11:23:06 845]电平值:33

[18-01-21 11:23:06 915]电平值:34

[18-01-21 11:23:06 985]电平值:38

[18-01-21 11:23:07 055]电平值:40

[18-01-21 11:23:07 125]电平值:25

[18-01-21 11:23:07 205]电平值:43

[18-01-21 11:23:07 275]电平值:34

[18-01-21 11:23:07 415]电平值:33

[18-01-21 11:23:07 485]电平值:36

[18-01-21 11:23:07 565]电平值:36

[18-01-21 11:23:07 635]电平值:34

[18-01-21 11:23:07 705]电平值:42

[18-01-21 11:23:07 925]电平值:32

[18-01-21 11:23:07 995]电平值:37

[18-01-21 11:23:08 065]电平值:33

[18-01-21 11:23:08 135]电平值:49

[18-01-21 11:23:08 205]电平值:33

[18-01-21 11:23:08 285]电平值:42

[18-01-21 11:23:08 355]电平值:35

[18-01-21 11:23:08 425]电平值:31

[18-01-21 11:23:08 565]电平值:48

[18-01-21 11:23:08 645]电平值:37

[18-01-21 11:23:08 715]电平值:38

[18-01-21 11:23:08 785]电平值:37

[18-01-21 11:23:08 855]电平值:49

[18-01-21 11:23:08 925]电平值:42

[18-01-21 11:23:09 005]电平值:41

[18-01-21 11:23:09 075]电平值:39

[18-01-21 11:23:09 145]电平值:44

[18-01-21 11:23:09 215]电平值:46

[18-01-21 11:23:09 285]电平值:39

[18-01-21 11:23:09 365]电平值:26

[18-01-21 11:23:09 435]电平值:37

[18-01-21 11:23:09 505]电平值:38

[18-01-21 11:23:09 575]电平值:40

[18-01-21 11:23:09 795]电平值:47

[18-01-21 11:23:09 865]电平值:35

[18-01-21 11:23:09 935]电平值:40

[18-01-21 11:23:10 005]电平值:44

[18-01-21 11:23:10 085]电平值:36

[18-01-21 11:23:10 155]电平值:38

[18-01-21 11:23:10 225]电平值:24

[18-01-21 11:23:10 365]电平值:40

[18-01-21 11:23:10 445]电平值:46

[18-01-21 11:23:10 515]电平值:37

[18-01-21 11:23:10 585]电平值:48

[18-01-21 11:23:10 655]电平值:39

[18-01-21 11:23:10 725]电平值:36

[18-01-21 11:23:10 875]电平值:40

[18-01-21 11:23:10 945]电平值:37

[18-01-21 11:23:11 015]电平值:47

[18-01-21 11:23:11 085]电平值:48

[18-01-21 11:23:11 165]电平值:23

[18-01-21 11:23:11 235]电平值:37

[18-01-21 11:23:11 305]电平值:36

[18-01-21 11:23:11 375]电平值:44

[18-01-21 11:23:11 445]电平值:39

[18-01-21 11:23:11 525]电平值:35

[18-01-21 11:23:11 595]电平值:38

[18-01-21 11:23:11 665]电平值:42

[18-01-21 11:23:11 805]电平值:41

[18-01-21 11:23:11 885]电平值:49

[18-01-21 11:23:11 955]电平值:41

[18-01-21 11:23:12 025]电平值:45

[18-01-21 11:23:12 095]电平值:36

[18-01-21 11:23:12 165]电平值:29

[18-01-21 11:23:12 245]电平值:42

[18-01-21 11:23:12 315]电平值:38

[18-01-21 11:23:12 385]电平值:31

[18-01-21 11:23:12 455]电平值:33

[18-01-21 11:23:12 525]电平值:38

[18-01-21 11:23:12 605]电平值:34

[18-01-21 11:23:12 675]电平值:36

[18-01-21 11:23:12 745]电平值:26

[18-01-21 11:23:12 815]电平值:37

[18-01-21 11:23:12 885]电平值:47

[18-01-21 11:23:13 035]电平值:45

[18-01-21 11:23:13 175]电平值:46

[18-01-21 11:23:13 245]电平值:37

[18-01-21 11:23:13 315]电平值:42

[18-01-21 11:23:15 035]电平值:49

[18-01-21 11:23:15 905]电平值:47

[18-01-21 11:23:16 115]电平值:48

[18-01-21 11:23:19 075]电平值:46

[18-01-21 11:23:19 355]电平值:47

[18-01-21 11:23:19 715]电平值:46

[18-01-21 11:23:19 935]电平值:45

[18-01-21 11:23:21 015]电平值:37

[18-01-21 11:23:21 085]电平值:33

[18-01-21 11:23:21 155]电平值:42

[18-01-21 11:23:22 315]电平值:49

[18-01-21 11:23:22 385]电平值:47

[18-01-21 11:23:22 745]电平值:44

[18-01-21 11:23:23 755]电平值:48

[18-01-21 11:23:24 325]电平值:43

[18-01-21 11:23:24 685]电平值:49

[18-01-21 11:23:24 755]电平值:46

[18-01-21 11:23:24 905]电平值:47

[18-01-21 11:23:25 475]电平值:46

[18-01-21 11:23:26 345]电平值:43

[18-01-21 11:23:26 415]电平值:48

[18-01-21 11:23:26 485]电平值:37

[18-01-21 11:23:26 555]电平值:37

[18-01-21 11:23:26 635]电平值:45

[18-01-21 11:23:26 705]电平值:48

[18-01-21 11:23:27 135]电平值:49

[18-01-21 11:23:27 205]电平值:48

[18-01-21 11:23:27 275]电平值:49

[18-01-21 11:23:27 635]电平值:47

[18-01-21 11:23:28 435]电平值:41

[18-01-21 11:23:28 505]电平值:45

[18-01-21 11:23:29 155]电平值:48

[18-01-21 11:23:29 225]电平值:46

[18-01-21 11:23:29 875]电平值:45

[18-01-21 11:23:30 235]电平值:41

[18-01-21 11:23:30 595]电平值:46

[18-01-21 11:23:30 735]电平值:41

[18-01-21 11:23:31 025]电平值:49

[18-01-21 11:23:31 385]电平值:48

[18-01-21 11:23:31 525]电平值:46

[18-01-21 11:23:31 675]电平值:39

[18-01-21 11:23:31 815]电平值:46

[18-01-21 11:23:32 305]电平值:42

[18-01-21 11:23:33 605]电平值:47

[18-01-21 11:23:33 675]电平值:46

[18-01-21 11:23:33 825]电平值:42

[18-01-21 11:23:33 895]电平值:45

[18-01-21 11:23:34 105]电平值:46

[18-01-21 11:23:34 465]电平值:49

[18-01-21 11:23:34 755]电平值:45

[18-01-21 11:23:34 825]电平值:48

[18-01-21 11:23:34 905]电平值:48

[18-01-21 11:23:35 625]电平值:49

[18-01-21 11:23:35 695]电平值:47

[18-01-21 11:23:35 765]电平值:45

[18-01-21 11:23:36 055]电平值:43

[18-01-21 11:23:36 125]电平值:47

[18-01-21 11:23:37 065]电平值:39

[18-01-21 11:23:37 135]电平值:41

[18-01-21 11:23:37 205]电平值:45

[18-01-21 11:23:37 345]电平值:48

[18-01-21 11:23:37 425]电平值:41

[18-01-21 11:23:38 865]电平值:45

[18-01-21 11:23:39 005]电平值:46

[18-01-21 11:23:39 075]电平值:32

[18-01-21 11:23:39 145]电平值:45

[18-01-21 11:23:39 225]电平值:36

[18-01-21 11:23:39 295]电平值:41

[18-01-21 11:23:39 365]电平值:44

[18-01-21 11:23:39 585]电平值:38

[18-01-21 11:23:39 655]电平值:42

[18-01-21 11:23:39 795]电平值:39

[18-01-21 11:23:39 865]电平值:48

[18-01-21 11:23:40 445]电平值:45

[18-01-21 11:23:40 515]电平值:42

[18-01-21 11:23:40 875]电平值:42

[18-01-21 11:23:40 945]电平值:49

[18-01-21 11:23:41 095]电平值:37

[18-01-21 11:23:41 165]电平值:41

[18-01-21 11:23:41 525]电平值:48

[18-01-21 11:23:41 815]电平值:41

[18-01-21 11:23:41 885]电平值:48

[18-01-21 11:23:42 465]电平值:48

[18-01-21 11:23:42 605]电平值:27

[18-01-21 11:23:42 675]电平值:32

[18-01-21 11:23:42 965]电平值:31

[18-01-21 11:23:43 312]加入链表文件：Answer-12.xml

[18-01-21 11:23:43 312]第4道录音题

[18-01-21 11:23:43 312]加入链表文件：QT-37370ans.mp3

[18-01-21 11:23:43 312]加入链表文件：Display.log

[18-01-21 11:23:43 312]第1次上传答案: Display.log

[18-01-21 11:23:43 423][考试耳机]耳机事件:GPIO Event:0!

[18-01-21 11:23:43 423]第1次上传完成， 答案文件名: Display.log

[18-01-21 11:23:43 424]第1次上传答案: QT-37370ans.mp3

[18-01-21 11:23:43 426]校验未通过，重新上传文件：Display.log

[18-01-21 11:23:43 427]加入链表文件：Display.log

[18-01-21 11:23:43 438]第1次上传完成， 答案文件名: QT-37370ans.mp3

[18-01-21 11:23:43 446]第1次上传答案: Answer.xml

[18-01-21 11:23:43 452]第1次上传完成， 答案文件名: Answer.xml

[18-01-21 11:23:43 452]第1次上传答案: Display.log

[18-01-21 11:23:43 458]第1次上传完成， 答案文件名: Display.log

[18-01-21 11:23:43 484]接收答案校验结果 文件名：QT-37370ans.mp3 校验结果： 1  第：19 页：3项

[18-01-21 11:23:43 522]接收答案校验结果 文件名：Answer.xml 校验结果： 1  第：0 页：0项

[18-01-21 11:23:43 562]接收答案校验结果 文件名：Display.log 校验结果： 1  第：19 页：3项

[18-01-21 11:23:44 837]录音播放控件结束，执行EPVDisplayEnd后进入交卷界面！

[18-01-21 11:23:44 899]进入交卷界面！

[18-01-21 11:23:44 899]UpSyAnswerFile()函数

[18-01-21 11:23:44 899]UpSyAnswerFile()出函数

[18-01-21 11:23:44 899]进入交卷界面ProcessExamResult()函数

